Arguments: 
  C:\nodejs\node.exe C:\nodejs\node_modules\yarn\bin\yarn.js init eslint

PATH: 
  C:\Program Files\NVIDIA GPU Computing Toolkit\CUDA\v11.8\bin;C:\Program Files\NVIDIA GPU Computing Toolkit\CUDA\v11.8\libnvvp;C:\Program Files (x86)\Common Files\Oracle\Java\javapath;C:\Program Files\Common Files\Oracle\Java\javapath;C:\Windows\system32;C:\Windows;C:\Windows\System32\Wbem;C:\Windows\System32\WindowsPowerShell\v1.0\;C:\Windows\System32\OpenSSH\;C:\Program Files (x86)\NVIDIA Corporation\PhysX\Common;C:\Program Files\NVIDIA Corporation\NVIDIA NvDLISR;C:\WINDOWS\system32;C:\WINDOWS;C:\WINDOWS\System32\Wbem;C:\WINDOWS\System32\WindowsPowerShell\v1.0\;C:\WINDOWS\System32\OpenSSH\;C:\Program Files\Git\cmd;C:\Program Files (x86)\IVI Foundation\VISA\WinNT\Bin;C:\Program Files\apache-maven-3.6.3\bin;D:\devApps\emsdk\java\8.152_64bit\bin;C:\Program Files (x86)\Calibre2\;C:\mingw64;C:\mingw64\bin;C:\Program Files (x86)\NetSarang\Xftp 7\;C:\Program Files (x86)\NetSarang\Xshell 7\;C:\tools\cuda\bin;C:\Program Files\NVIDIA GPU Computing Toolkit\CUDA\v11.0\include;C:\Program Files\NVIDIA GPU Computing Toolkit\CUDA\v11.0\extras\CUPTI\lib64;C:\Program Files\Microsoft SQL Server\150\Tools\Binn\;C:\WINDOWS\System32\Wbem;C:\Program Files\dotnet\;D:\Apps\ffmpeg\bin;D:\devApps\emsdk\java\8.152_64bit\jre\bin;C:\Users\Makinohara\go;C:\Program Files\Go\bin;C:\Program Files\MySQL\bin;D:\devApps\emsdk;D:\devApps\emsdk\upstream\emscripten;C:\Users\Makinohara\AppData\Roaming\nvm;C:\nodejs;C:\Program Files\NVIDIA Corporation\Nsight Compute 2022.3.0\;C:\Program Files\Redis\;C:\Users\Makinohara\AppData\Local\Programs\Python\Python310\Scripts\;C:\Users\Makinohara\AppData\Local\Programs\Python\Python310\;C:\Users\Makinohara\.cargo\bin;C:\Users\Makinohara\AppData\Local\Microsoft\WindowsApps;C:\Program Files\Bandizip\;C:\Users\Makinohara\AppData\Local\Programs\Microsoft VS Code\bin;C:\Program Files\JetBrains\WebStorm 2019.3.3\bin;C:\Program Files\JetBrains\PyCharm 2020.1.1\bin;C:\Program Files\JetBrains\IntelliJ IDEA 2020.3.3\bin;C:\Program Files\JetBrains\IntelliJ IDEA 2021.1\bin;C:\Users\Makinohara\AppData\Local\GitHubDesktop\bin;C:\Users\Makinohara\AppData\Local\Programs\Fiddler;C:\Users\Makinohara\go\bin;C:\Users\Makinohara\.deno\bin;C:\Program Files\JetBrains\WebStorm 2022.1.2\bin;C:\Users\Makinohara\AppData\Roaming\nvm;C:\nodejs;C:\Users\Makinohara\AppData\Local\JetBrains\Toolbox\scripts

Yarn version: 
  1.22.19

Node version: 
  16.15.1

Platform: 
  win32 x64

Trace: 
  Error: canceled
      at Interface.<anonymous> (C:\Users\Makinohara\AppData\Roaming\nvm\v16.15.1\node_modules\yarn\lib\cli.js:137150:13)
      at Interface.emit (node:events:527:28)
      at Interface._ttyWrite (node:readline:1081:16)
      at ReadStream.onkeypress (node:readline:288:10)
      at ReadStream.emit (node:events:527:28)
      at emitKeys (node:internal/readline/utils:358:14)
      at emitKeys.next (<anonymous>)
      at ReadStream.onData (node:internal/readline/emitKeypressEvents:61:36)
      at ReadStream.emit (node:events:527:28)
      at addChunk (node:internal/streams/readable:315:12)

npm manifest: 
  No manifest

yarn manifest: 
  No manifest

Lockfile: 
  # THIS IS AN AUTOGENERATED FILE. DO NOT EDIT THIS FILE DIRECTLY.
  # yarn lockfile v1
